<html>
<head>
<title>TestNG:  Default test</title>
<link href="../testng.css" rel="stylesheet" type="text/css" />
<link href="../my-testng.css" rel="stylesheet" type="text/css" />

<style type="text/css">
.log { display: none;} 
.stack-trace { display: none;} 
</style>
<script type="text/javascript">
<!--
function flip(e) {
  current = e.style.display;
  if (current == 'block') {
    e.style.display = 'none';
    return 0;
  }
  else {
    e.style.display = 'block';
    return 1;
  }
}

function toggleBox(szDivId, elem, msg1, msg2)
{
  var res = -1;  if (document.getElementById) {
    res = flip(document.getElementById(szDivId));
  }
  else if (document.all) {
    // this is the way old msie versions work
    res = flip(document.all[szDivId]);
  }
  if(elem) {
    if(res == 0) elem.innerHTML = msg1; else elem.innerHTML = msg2;
  }

}

function toggleAllBoxes() {
  if (document.getElementsByTagName) {
    d = document.getElementsByTagName('div');
    for (i = 0; i < d.length; i++) {
      if (d[i].className == 'log') {
        flip(d[i]);
      }
    }
  }
}

// -->
</script>

</head>
<body>
<h2 align='center'>Default test</h2><table border='1' align="center">
<tr>
<td>Tests passed/Failed/Skipped:</td><td>14/1/1</td>
</tr><tr>
<td>Started on:</td><td>Wed Dec 21 16:07:35 IST 2022</td>
</tr>
<tr><td>Total time:</td><td>0 seconds (218 ms)</td>
</tr><tr>
<td>Included groups:</td><td></td>
</tr><tr>
<td>Excluded groups:</td><td></td>
</tr>
</table><p/>
<small><i>(Hover the method name to see the test class name)</i></small><p/>
<table width='100%' border='1' class='invocation-failed'>
<tr><td colspan='4' align='center'><b>FAILED TESTS</b></td></tr>
<tr><td><b>Test method</b></td>
<td width="30%"><b>Exception</b></td>
<td width="10%"><b>Time (seconds)</b></td>
<td><b>Instance</b></td>
</tr>
<tr>
<td title='com.application.Team11NewBatch.Amazon_WebApplication_Project.TypesOfTestNGKeywords.TC22()'><b>TC22</b><br>Test class: com.application.Team11NewBatch.Amazon_WebApplication_Project.TypesOfTestNGKeywords</td>
<td><div><pre>org.testng.TestNGException: 
Parameter &apos;userURL&apos; is required by @Test on method TC22 but has not been marked @Optional or defined
in C:\Users\Admin\AppData\Local\Temp\testng-eclipse-1115949545\testng-customsuite.xml
	at org.testng.internal.Parameters.createParams(Parameters.java:270)
	at org.testng.internal.Parameters.createParametersForMethod(Parameters.java:358)
	at org.testng.internal.Parameters.createParameters(Parameters.java:700)
	at org.testng.internal.Parameters.handleParameters(Parameters.java:884)
	at org.testng.internal.Parameters.handleParameters(Parameters.java:740)
	at org.testng.internal.ParameterHandler.handleParameters(ParameterHandler.java:59)
	at org.testng.internal.ParameterHandler.createParameters(ParameterHandler.java:38)
	at org.testng.internal.TestInvoker$MethodInvocationAgent.invoke(TestInvoker.java:791)
	at org.testng.internal.TestInvoker.invokeTestMethods(TestInvoker.java:146)
	at org.testng.internal.TestMethodWorker.invokeTestMethods(TestMethodWorker.java:146)
	at org.testng.internal.TestMethodWorker.run(TestMethodWorker.java:128)
	at java.base/java.util.ArrayList.forEach(ArrayList.java:1511)
	at org.testng.TestRunner.privateRun(TestRunner.java:794)
	at org.testng.TestRunner.run(TestRunner.java:596)
	at org.testng.SuiteRunner.runTest(SuiteRunner.java:377)
	at org.testng.SuiteRunner.runSequentially(SuiteRunner.java:371)
	at org.testng.SuiteRunner.privateRun(SuiteRunner.java:332)
	at org.testng.SuiteRunner.run(SuiteRunner.java:276)
	at org.testng.SuiteRunnerWorker.runSuite(SuiteRunnerWorker.java:53)
	at org.testng.SuiteRunnerWorker.run(SuiteRunnerWorker.java:96)
	at org.testng.TestNG.runSuitesSequentially(TestNG.java:1212)
	at org.testng.TestNG.runSuitesLocally(TestNG.java:1134)
	at org.testng.TestNG.runSuites(TestNG.java:1063)
	at org.testng.TestNG.run(TestNG.java:1031)
	at org.testng.remote.AbstractRemoteTestNG.run(AbstractRemoteTestNG.java:115)
	at org.testng.remote.RemoteTestNG.initAndRun(RemoteTestNG.java:251)
	at org.testng.remote.RemoteTestNG.main(RemoteTestNG.java:77)
</pre></div><a href='#' onClick='toggleBox("stack-trace1792550665", this, "Click to show all stack frames", "Click to hide stack frames")'>Click to show all stack frames</a>
<div class='stack-trace' id='stack-trace1792550665'><pre>org.testng.TestNGException: 
Parameter &apos;userURL&apos; is required by @Test on method TC22 but has not been marked @Optional or defined
in C:\Users\Admin\AppData\Local\Temp\testng-eclipse-1115949545\testng-customsuite.xml
	at org.testng.internal.Parameters.createParams(Parameters.java:270)
	at org.testng.internal.Parameters.createParametersForMethod(Parameters.java:358)
	at org.testng.internal.Parameters.createParameters(Parameters.java:700)
	at org.testng.internal.Parameters.handleParameters(Parameters.java:884)
	at org.testng.internal.Parameters.handleParameters(Parameters.java:740)
	at org.testng.internal.ParameterHandler.handleParameters(ParameterHandler.java:59)
	at org.testng.internal.ParameterHandler.createParameters(ParameterHandler.java:38)
	at org.testng.internal.TestInvoker$MethodInvocationAgent.invoke(TestInvoker.java:791)
	at org.testng.internal.TestInvoker.invokeTestMethods(TestInvoker.java:146)
	at org.testng.internal.TestMethodWorker.invokeTestMethods(TestMethodWorker.java:146)
	at org.testng.internal.TestMethodWorker.run(TestMethodWorker.java:128)
	at java.base/java.util.ArrayList.forEach(ArrayList.java:1511)
	at org.testng.TestRunner.privateRun(TestRunner.java:794)
	at org.testng.TestRunner.run(TestRunner.java:596)
	at org.testng.SuiteRunner.runTest(SuiteRunner.java:377)
	at org.testng.SuiteRunner.runSequentially(SuiteRunner.java:371)
	at org.testng.SuiteRunner.privateRun(SuiteRunner.java:332)
	at org.testng.SuiteRunner.run(SuiteRunner.java:276)
	at org.testng.SuiteRunnerWorker.runSuite(SuiteRunnerWorker.java:53)
	at org.testng.SuiteRunnerWorker.run(SuiteRunnerWorker.java:96)
	at org.testng.TestNG.runSuitesSequentially(TestNG.java:1212)
	at org.testng.TestNG.runSuitesLocally(TestNG.java:1134)
	at org.testng.TestNG.runSuites(TestNG.java:1063)
	at org.testng.TestNG.run(TestNG.java:1031)
	at org.testng.remote.AbstractRemoteTestNG.run(AbstractRemoteTestNG.java:115)
	at org.testng.remote.RemoteTestNG.initAndRun(RemoteTestNG.java:251)
	at org.testng.remote.RemoteTestNG.main(RemoteTestNG.java:77)
</pre></div></td>
<td>0</td>
<td>com.application.Team11NewBatch.Amazon_WebApplication_Project.TypesOfTestNGKeywords@cd3fee8</td></tr>
</table><p>
<table width='100%' border='1' class='invocation-passed'>
<tr><td colspan='4' align='center'><b>PASSED TESTS</b></td></tr>
<tr><td><b>Test method</b></td>
<td width="30%"><b>Exception</b></td>
<td width="10%"><b>Time (seconds)</b></td>
<td><b>Instance</b></td>
</tr>
<tr>
<td title='com.application.Team11NewBatch.Amazon_WebApplication_Project.TypesOfTestNGKeywords.A1()'><b>A1</b><br>Test class: com.application.Team11NewBatch.Amazon_WebApplication_Project.TypesOfTestNGKeywords<br/>
<a href="#Output-2003891312" onClick='toggleBox("Output-2003891312", this, "Show output", "Hide output");'>Show output</a>

<a href="#Output-2003891312" onClick="toggleAllBoxes();">Show all outputs</a>
<div class='log' id="Output-2003891312">
A1 is running<br/>
</div>
</td>
<td></td>
<td>0</td>
<td>com.application.Team11NewBatch.Amazon_WebApplication_Project.TypesOfTestNGKeywords@cd3fee8</td></tr>
<tr>
<td title='com.application.Team11NewBatch.Amazon_WebApplication_Project.TypesOfTestNGKeywords.TC1()'><b>TC1</b><br>Test class: com.application.Team11NewBatch.Amazon_WebApplication_Project.TypesOfTestNGKeywords<br/>
<a href="#Output-615438348" onClick='toggleBox("Output-615438348", this, "Show output", "Hide output");'>Show output</a>

<a href="#Output-615438348" onClick="toggleAllBoxes();">Show all outputs</a>
<div class='log' id="Output-615438348">
Running TC1<br/>
</div>
</td>
<td></td>
<td>0</td>
<td>com.application.Team11NewBatch.Amazon_WebApplication_Project.TypesOfTestNGKeywords@cd3fee8</td></tr>
<tr>
<td title='com.application.Team11NewBatch.Amazon_WebApplication_Project.TypesOfTestNGKeywords.A()'><b>A</b><br>Test class: com.application.Team11NewBatch.Amazon_WebApplication_Project.TypesOfTestNGKeywords<br/>
<a href="#Output-530653666" onClick='toggleBox("Output-530653666", this, "Show output", "Hide output");'>Show output</a>

<a href="#Output-530653666" onClick="toggleAllBoxes();">Show all outputs</a>
<div class='log' id="Output-530653666">
A is running<br/>
</div>
</td>
<td></td>
<td>0</td>
<td>com.application.Team11NewBatch.Amazon_WebApplication_Project.TypesOfTestNGKeywords@cd3fee8</td></tr>
<tr>
<td title='com.application.Team11NewBatch.Amazon_WebApplication_Project.TypesOfTestNGKeywords.TC11()'><b>TC11</b><br>Test class: com.application.Team11NewBatch.Amazon_WebApplication_Project.TypesOfTestNGKeywords<br/>
<a href="#Output-710708543" onClick='toggleBox("Output-710708543", this, "Show output", "Hide output");'>Show output</a>

<a href="#Output-710708543" onClick="toggleAllBoxes();">Show all outputs</a>
<div class='log' id="Output-710708543">
TC11 is running<br/>
</div>
</td>
<td></td>
<td>0</td>
<td>com.application.Team11NewBatch.Amazon_WebApplication_Project.TypesOfTestNGKeywords@cd3fee8</td></tr>
<tr>
<td title='com.application.Team11NewBatch.Amazon_WebApplication_Project.TypesOfTestNGKeywords.C()'><b>C</b><br>Test class: com.application.Team11NewBatch.Amazon_WebApplication_Project.TypesOfTestNGKeywords<br/>
<a href="#Output-752316209" onClick='toggleBox("Output-752316209", this, "Show output", "Hide output");'>Show output</a>

<a href="#Output-752316209" onClick="toggleAllBoxes();">Show all outputs</a>
<div class='log' id="Output-752316209">
C is running<br/>
</div>
</td>
<td></td>
<td>0</td>
<td>com.application.Team11NewBatch.Amazon_WebApplication_Project.TypesOfTestNGKeywords@cd3fee8</td></tr>
<tr>
<td title='com.application.Team11NewBatch.Amazon_WebApplication_Project.TypesOfTestNGKeywords.TC()'><b>TC</b><br>Test class: com.application.Team11NewBatch.Amazon_WebApplication_Project.TypesOfTestNGKeywords<br/>
<a href="#Output-1229161065" onClick='toggleBox("Output-1229161065", this, "Show output", "Hide output");'>Show output</a>

<a href="#Output-1229161065" onClick="toggleAllBoxes();">Show all outputs</a>
<div class='log' id="Output-1229161065">
TC1 Running<br/>
</div>
</td>
<td></td>
<td>0</td>
<td>com.application.Team11NewBatch.Amazon_WebApplication_Project.TypesOfTestNGKeywords@cd3fee8</td></tr>
<tr>
<td title='com.application.Team11NewBatch.Amazon_WebApplication_Project.TypesOfTestNGKeywords.TC()'><b>TC</b><br>Test class: com.application.Team11NewBatch.Amazon_WebApplication_Project.TypesOfTestNGKeywords<br/>
<a href="#Output-16503286" onClick='toggleBox("Output-16503286", this, "Show output", "Hide output");'>Show output</a>

<a href="#Output-16503286" onClick="toggleAllBoxes();">Show all outputs</a>
<div class='log' id="Output-16503286">
TC1 Running<br/>
</div>
</td>
<td></td>
<td>0</td>
<td>com.application.Team11NewBatch.Amazon_WebApplication_Project.TypesOfTestNGKeywords@cd3fee8</td></tr>
<tr>
<td title='com.application.Team11NewBatch.Amazon_WebApplication_Project.TypesOfTestNGKeywords.C1()'><b>C1</b><br>Test class: com.application.Team11NewBatch.Amazon_WebApplication_Project.TypesOfTestNGKeywords<br/>
<a href="#Output-1004023029" onClick='toggleBox("Output-1004023029", this, "Show output", "Hide output");'>Show output</a>

<a href="#Output-1004023029" onClick="toggleAllBoxes();">Show all outputs</a>
<div class='log' id="Output-1004023029">
C1 is running<br/>
</div>
</td>
<td></td>
<td>0</td>
<td>com.application.Team11NewBatch.Amazon_WebApplication_Project.TypesOfTestNGKeywords@cd3fee8</td></tr>
<tr>
<td title='com.application.Team11NewBatch.Amazon_WebApplication_Project.TypesOfTestNGKeywords.TC()'><b>TC</b><br>Test class: com.application.Team11NewBatch.Amazon_WebApplication_Project.TypesOfTestNGKeywords<br/>
<a href="#Output-606508809" onClick='toggleBox("Output-606508809", this, "Show output", "Hide output");'>Show output</a>

<a href="#Output-606508809" onClick="toggleAllBoxes();">Show all outputs</a>
<div class='log' id="Output-606508809">
TC1 Running<br/>
</div>
</td>
<td></td>
<td>0</td>
<td>com.application.Team11NewBatch.Amazon_WebApplication_Project.TypesOfTestNGKeywords@cd3fee8</td></tr>
<tr>
<td title='com.application.Team11NewBatch.Amazon_WebApplication_Project.TypesOfTestNGKeywords.TC()'><b>TC</b><br>Test class: com.application.Team11NewBatch.Amazon_WebApplication_Project.TypesOfTestNGKeywords<br/>
<a href="#Output-471579726" onClick='toggleBox("Output-471579726", this, "Show output", "Hide output");'>Show output</a>

<a href="#Output-471579726" onClick="toggleAllBoxes();">Show all outputs</a>
<div class='log' id="Output-471579726">
TC1 Running<br/>
</div>
</td>
<td></td>
<td>0</td>
<td>com.application.Team11NewBatch.Amazon_WebApplication_Project.TypesOfTestNGKeywords@cd3fee8</td></tr>
<tr>
<td title='com.application.Team11NewBatch.Amazon_WebApplication_Project.TypesOfTestNGKeywords.TC()'><b>TC</b><br>Test class: com.application.Team11NewBatch.Amazon_WebApplication_Project.TypesOfTestNGKeywords<br/>
<a href="#Output-1574598287" onClick='toggleBox("Output-1574598287", this, "Show output", "Hide output");'>Show output</a>

<a href="#Output-1574598287" onClick="toggleAllBoxes();">Show all outputs</a>
<div class='log' id="Output-1574598287">
TC1 Running<br/>
</div>
</td>
<td></td>
<td>0</td>
<td>com.application.Team11NewBatch.Amazon_WebApplication_Project.TypesOfTestNGKeywords@cd3fee8</td></tr>
<tr>
<td title='com.application.Team11NewBatch.Amazon_WebApplication_Project.TypesOfTestNGKeywords.TC3()'><b>TC3</b><br>Test class: com.application.Team11NewBatch.Amazon_WebApplication_Project.TypesOfTestNGKeywords<br/>
<a href="#Output-2014838114" onClick='toggleBox("Output-2014838114", this, "Show output", "Hide output");'>Show output</a>

<a href="#Output-2014838114" onClick="toggleAllBoxes();">Show all outputs</a>
<div class='log' id="Output-2014838114">
Running TC3<br/>
</div>
</td>
<td></td>
<td>0</td>
<td>com.application.Team11NewBatch.Amazon_WebApplication_Project.TypesOfTestNGKeywords@cd3fee8</td></tr>
<tr>
<td title='com.application.Team11NewBatch.Amazon_WebApplication_Project.TypesOfTestNGKeywords.B()'><b>B</b><br>Test class: com.application.Team11NewBatch.Amazon_WebApplication_Project.TypesOfTestNGKeywords<br/>
<a href="#Output-1026055550" onClick='toggleBox("Output-1026055550", this, "Show output", "Hide output");'>Show output</a>

<a href="#Output-1026055550" onClick="toggleAllBoxes();">Show all outputs</a>
<div class='log' id="Output-1026055550">
B is running<br/>
</div>
</td>
<td></td>
<td>0</td>
<td>com.application.Team11NewBatch.Amazon_WebApplication_Project.TypesOfTestNGKeywords@cd3fee8</td></tr>
<tr>
<td title='com.application.Team11NewBatch.Amazon_WebApplication_Project.TypesOfTestNGKeywords.B1()'><b>B1</b><br>Test class: com.application.Team11NewBatch.Amazon_WebApplication_Project.TypesOfTestNGKeywords<br/>
<a href="#Output-612097453" onClick='toggleBox("Output-612097453", this, "Show output", "Hide output");'>Show output</a>

<a href="#Output-612097453" onClick="toggleAllBoxes();">Show all outputs</a>
<div class='log' id="Output-612097453">
B1 is running<br/>
</div>
</td>
<td></td>
<td>0</td>
<td>com.application.Team11NewBatch.Amazon_WebApplication_Project.TypesOfTestNGKeywords@cd3fee8</td></tr>
</table><p>
<table width='100%' border='1' class='invocation-skipped'>
<tr><td colspan='4' align='center'><b>SKIPPED TESTS</b></td></tr>
<tr><td><b>Test method</b></td>
<td width="30%"><b>Exception</b></td>
<td width="10%"><b>Time (seconds)</b></td>
<td><b>Instance</b></td>
</tr>
<tr>
<td title='com.application.Team11NewBatch.Amazon_WebApplication_Project.TypesOfTestNGKeywords.TC33()'><b>TC33</b><br>Test class: com.application.Team11NewBatch.Amazon_WebApplication_Project.TypesOfTestNGKeywords</td>
<td><div><pre>java.lang.Throwable: Method TypesOfTestNGKeywords.TC33()[pri:0, instance:com.application.Team11NewBatch.Amazon_WebApplication_Project.TypesOfTestNGKeywords@cd3fee8] depends on not successfully finished methods
	at org.testng.internal.TestInvoker.invokeTestMethods(TestInvoker.java:102)
	at org.testng.internal.TestMethodWorker.invokeTestMethods(TestMethodWorker.java:146)
	at org.testng.internal.TestMethodWorker.run(TestMethodWorker.java:128)
	at java.base/java.util.ArrayList.forEach(ArrayList.java:1511)
	at org.testng.TestRunner.privateRun(TestRunner.java:794)
	at org.testng.TestRunner.run(TestRunner.java:596)
	at org.testng.SuiteRunner.runTest(SuiteRunner.java:377)
	at org.testng.SuiteRunner.runSequentially(SuiteRunner.java:371)
	at org.testng.SuiteRunner.privateRun(SuiteRunner.java:332)
	at org.testng.SuiteRunner.run(SuiteRunner.java:276)
	at org.testng.SuiteRunnerWorker.runSuite(SuiteRunnerWorker.java:53)
	at org.testng.SuiteRunnerWorker.run(SuiteRunnerWorker.java:96)
	at org.testng.TestNG.runSuitesSequentially(TestNG.java:1212)
	at org.testng.TestNG.runSuitesLocally(TestNG.java:1134)
	at org.testng.TestNG.runSuites(TestNG.java:1063)
	at org.testng.TestNG.run(TestNG.java:1031)
	at org.testng.remote.AbstractRemoteTestNG.run(AbstractRemoteTestNG.java:115)
	at org.testng.remote.RemoteTestNG.initAndRun(RemoteTestNG.java:251)
	at org.testng.remote.RemoteTestNG.main(RemoteTestNG.java:77)
</pre></div><a href='#' onClick='toggleBox("stack-trace1276611190", this, "Click to show all stack frames", "Click to hide stack frames")'>Click to show all stack frames</a>
<div class='stack-trace' id='stack-trace1276611190'><pre>java.lang.Throwable: Method TypesOfTestNGKeywords.TC33()[pri:0, instance:com.application.Team11NewBatch.Amazon_WebApplication_Project.TypesOfTestNGKeywords@cd3fee8] depends on not successfully finished methods
	at org.testng.internal.TestInvoker.invokeTestMethods(TestInvoker.java:102)
	at org.testng.internal.TestMethodWorker.invokeTestMethods(TestMethodWorker.java:146)
	at org.testng.internal.TestMethodWorker.run(TestMethodWorker.java:128)
	at java.base/java.util.ArrayList.forEach(ArrayList.java:1511)
	at org.testng.TestRunner.privateRun(TestRunner.java:794)
	at org.testng.TestRunner.run(TestRunner.java:596)
	at org.testng.SuiteRunner.runTest(SuiteRunner.java:377)
	at org.testng.SuiteRunner.runSequentially(SuiteRunner.java:371)
	at org.testng.SuiteRunner.privateRun(SuiteRunner.java:332)
	at org.testng.SuiteRunner.run(SuiteRunner.java:276)
	at org.testng.SuiteRunnerWorker.runSuite(SuiteRunnerWorker.java:53)
	at org.testng.SuiteRunnerWorker.run(SuiteRunnerWorker.java:96)
	at org.testng.TestNG.runSuitesSequentially(TestNG.java:1212)
	at org.testng.TestNG.runSuitesLocally(TestNG.java:1134)
	at org.testng.TestNG.runSuites(TestNG.java:1063)
	at org.testng.TestNG.run(TestNG.java:1031)
	at org.testng.remote.AbstractRemoteTestNG.run(AbstractRemoteTestNG.java:115)
	at org.testng.remote.RemoteTestNG.initAndRun(RemoteTestNG.java:251)
	at org.testng.remote.RemoteTestNG.main(RemoteTestNG.java:77)
</pre></div></td>
<td>0</td>
<td>com.application.Team11NewBatch.Amazon_WebApplication_Project.TypesOfTestNGKeywords@cd3fee8</td></tr>
</table><p>
</body>
</html>